C51 COMPILER V9.00   SEND                                                                  01/05/2017 15:52:35 PAGE 1   


C51 COMPILER V9.00, COMPILATION OF MODULE SEND
OBJECT MODULE PLACED IN send.OBJ
COMPILER INVOKED BY: C:\Keil4\C51\BIN\C51.EXE send.c BROWSE DEBUG OBJECTEXTEND

line level    source

   1          #include  <reg52.h>
   2          #define uint unsigned int
   3          #define uchar unsigned char
   4          
   5          sbit ahead=P2^0;
   6          sbit back=P2^1;
   7          sbit turnLeft=P2^2;
   8          sbit turnRight=P2^3;
   9          
  10          void delay_ms(uchar ms)
  11          {
  12   1              uchar a,b,c;
  13   1              for (a=0;a<ms;a++)
  14   1                      for(b=0;b<3;b++)
  15   1                              for(c=0;c<219;c++);
  16   1      }
  17          
  18          void init_bluetooth()
  19          {
  20   1              TMOD=0x20;
  21   1              SCON=0x40;
  22   1              PCON=0x00;
  23   1              TH1=0xfd;
  24   1              TL1=0xfd;
  25   1              TR1=1;
  26   1      }
  27          uchar getDirection()
  28          {
  29   1              uchar a=0;
  30   1              uchar b='q';
  31   1              P2=0x0f;
  32   1              if(P2!=0x0f)
  33   1              {
  34   2                      a=P2&0x0f;
  35   2                      delay_ms(10);
  36   2                      if(a ==(P2&0x0f))
  37   2                      {
  38   3                              switch(a)
  39   3                              {
  40   4                                      case 0x0e:b='w';break;
  41   4                                      case 0x0d:b='s';break;
  42   4                                      case 0x0b:b='a';break;
  43   4                                      case 0x07:b='d';break;
  44   4                              }
  45   3                      }
  46   2              }
  47   1              else
  48   1                      delay_ms(10);
  49   1              return b;
  50   1      }
  51          
  52          void sendByte(uchar a)
  53          {
  54   1              SBUF=a;
  55   1              while(TI==0);
C51 COMPILER V9.00   SEND                                                                  01/05/2017 15:52:35 PAGE 2   

  56   1              TI=0;
  57   1      }
  58          
  59          void main()
  60          {
  61   1              uchar a;
  62   1              uchar preChar=0;
  63   1              uchar count=0;
  64   1              init_bluetooth();
  65   1              while(1)
  66   1              {
  67   2                      a=getDirection();
  68   2                      if(a=='a' ||a=='s' ||a=='d' ||a=='w' ||a=='q')
  69   2                      {
  70   3                              if(preChar==a)
  71   3                              {
  72   4                                      count+=1;
  73   4                                      if((count%20)<2)
  74   4                                              sendByte(a);                            
  75   4                              }
  76   3                              else
  77   3                              {
  78   4                                      count=0;
  79   4                                      preChar=a;
  80   4                              }
  81   3                      }                       
  82   2              }
  83   1      }


MODULE INFORMATION:   STATIC OVERLAYABLE
   CODE SIZE        =    185    ----
   CONSTANT SIZE    =   ----    ----
   XDATA SIZE       =   ----    ----
   PDATA SIZE       =   ----    ----
   DATA SIZE        =   ----       1
   IDATA SIZE       =   ----    ----
   BIT SIZE         =   ----    ----
END OF MODULE INFORMATION.


C51 COMPILATION COMPLETE.  0 WARNING(S),  0 ERROR(S)
